<html>
<head>
<title>TestNG:  Test2</title>
<link href="../testng.css" rel="stylesheet" type="text/css" />
<link href="../my-testng.css" rel="stylesheet" type="text/css" />

<style type="text/css">
.log { display: none;} 
.stack-trace { display: none;} 
</style>
<script type="text/javascript">
<!--
function flip(e) {
  current = e.style.display;
  if (current == 'block') {
    e.style.display = 'none';
    return 0;
  }
  else {
    e.style.display = 'block';
    return 1;
  }
}

function toggleBox(szDivId, elem, msg1, msg2)
{
  var res = -1;  if (document.getElementById) {
    res = flip(document.getElementById(szDivId));
  }
  else if (document.all) {
    // this is the way old msie versions work
    res = flip(document.all[szDivId]);
  }
  if(elem) {
    if(res == 0) elem.innerHTML = msg1; else elem.innerHTML = msg2;
  }

}

function toggleAllBoxes() {
  if (document.getElementsByTagName) {
    d = document.getElementsByTagName('div');
    for (i = 0; i < d.length; i++) {
      if (d[i].className == 'log') {
        flip(d[i]);
      }
    }
  }
}

// -->
</script>

</head>
<body>
<h2 align='center'>Test2</h2><table border='1' align="center">
<tr>
<td>Tests passed/Failed/Skipped:</td><td>20/2/0</td>
</tr><tr>
<td>Started on:</td><td>Fri Jan 22 12:35:57 EST 2016</td>
</tr>
<tr><td>Total time:</td><td>178 seconds (178113 ms)</td>
</tr><tr>
<td>Included groups:</td><td></td>
</tr><tr>
<td>Excluded groups:</td><td></td>
</tr>
</table><p/>
<small><i>(Hover the method name to see the test class name)</i></small><p/>
<table width='100%' border='1' class='invocation-failed'>
<tr><td colspan='4' align='center'><b>FAILED TESTS</b></td></tr>
<tr><td><b>Test method</b></td>
<td width="30%"><b>Exception</b></td>
<td width="10%"><b>Time (seconds)</b></td>
<td><b>Instance</b></td>
</tr>
<tr>
<td title='testCase.TestCaseForCreateNonIndiviualProviderAc.blankSubmit()'><b>blankSubmit</b><br>Test class: testCase.TestCaseForCreateNonIndiviualProviderAc</td>
<td><div><pre>org.openqa.selenium.NoSuchElementException: Unable to find element with xpath == .//*[@id=&apos;topButtonRow&apos;]/input[1] (WARNING: The server did not provide any stacktrace information)
Command duration or timeout: 30.24 seconds
For documentation on this error, please visit: http://seleniumhq.org/exceptions/no_such_element.html
Build info: version: &apos;2.48.2&apos;, revision: &apos;41bccdd&apos;, time: &apos;2015-10-09 19:55:52&apos;
System info: host: &apos;01250LT2368&apos;, ip: &apos;10.8.44.138&apos;, os.name: &apos;Windows 7&apos;, os.arch: &apos;x86&apos;, os.version: &apos;6.1&apos;, java.version: &apos;1.8.0_60&apos;
Driver info: org.openqa.selenium.ie.InternetExplorerDriver
Capabilities [{browserAttachTimeout=0, enablePersistentHover=true, ie.forceCreateProcessApi=false, pageLoadStrategy=normal, ie.usePerProcessProxy=false, ignoreZoomSetting=false, handlesAlerts=true, version=11, platform=WINDOWS, nativeEvents=true, ie.ensureCleanSession=false, elementScrollBehavior=0, ie.browserCommandLineSwitches=, requireWindowFocus=false, browserName=internet explorer, initialBrowserUrl=http://localhost:17130/, takesScreenshot=true, javascriptEnabled=true, ignoreProtectedModeSettings=true, enableElementCacheCleanup=true, cssSelectorsEnabled=true, unexpectedAlertBehaviour=dismiss}]
Session ID: fefca2af-ef2a-489d-8701-0560d7b39084
*** Element info: {Using=xpath, value=.//*[@id=&apos;topButtonRow&apos;]/input[1]}
	at org.openqa.selenium.remote.ErrorHandler.createThrowable(ErrorHandler.java:206)
	at org.openqa.selenium.remote.ErrorHandler.throwIfResponseFailed(ErrorHandler.java:158)
	at org.openqa.selenium.remote.RemoteWebDriver.execute(RemoteWebDriver.java:647)
	at org.openqa.selenium.remote.RemoteWebDriver.findElement(RemoteWebDriver.java:353)
	at org.openqa.selenium.remote.RemoteWebDriver.findElementByXPath(RemoteWebDriver.java:490)
	at org.openqa.selenium.By$ByXPath.findElement(By.java:361)
	at org.openqa.selenium.remote.RemoteWebDriver.findElement(RemoteWebDriver.java:345)
	at pageObject.CreateNonIndividualProvider.clickSaveButton(CreateNonIndividualProvider.java:75)
	at testCase.TestCaseForCreateNonIndiviualProviderAc.blankSubmit(TestCaseForCreateNonIndiviualProviderAc.java:34)
... Removed 28 stack frames</pre></div><a href='#' onClick='toggleBox("stack-trace20686693", this, "Click to show all stack frames", "Click to hide stack frames")'>Click to show all stack frames</a>
<div class='stack-trace' id='stack-trace20686693'><pre>org.openqa.selenium.NoSuchElementException: Unable to find element with xpath == .//*[@id=&apos;topButtonRow&apos;]/input[1] (WARNING: The server did not provide any stacktrace information)
Command duration or timeout: 30.24 seconds
For documentation on this error, please visit: http://seleniumhq.org/exceptions/no_such_element.html
Build info: version: &apos;2.48.2&apos;, revision: &apos;41bccdd&apos;, time: &apos;2015-10-09 19:55:52&apos;
System info: host: &apos;01250LT2368&apos;, ip: &apos;10.8.44.138&apos;, os.name: &apos;Windows 7&apos;, os.arch: &apos;x86&apos;, os.version: &apos;6.1&apos;, java.version: &apos;1.8.0_60&apos;
Driver info: org.openqa.selenium.ie.InternetExplorerDriver
Capabilities [{browserAttachTimeout=0, enablePersistentHover=true, ie.forceCreateProcessApi=false, pageLoadStrategy=normal, ie.usePerProcessProxy=false, ignoreZoomSetting=false, handlesAlerts=true, version=11, platform=WINDOWS, nativeEvents=true, ie.ensureCleanSession=false, elementScrollBehavior=0, ie.browserCommandLineSwitches=, requireWindowFocus=false, browserName=internet explorer, initialBrowserUrl=http://localhost:17130/, takesScreenshot=true, javascriptEnabled=true, ignoreProtectedModeSettings=true, enableElementCacheCleanup=true, cssSelectorsEnabled=true, unexpectedAlertBehaviour=dismiss}]
Session ID: fefca2af-ef2a-489d-8701-0560d7b39084
*** Element info: {Using=xpath, value=.//*[@id=&apos;topButtonRow&apos;]/input[1]}
	at sun.reflect.NativeConstructorAccessorImpl.newInstance0(Native Method)
	at sun.reflect.NativeConstructorAccessorImpl.newInstance(Unknown Source)
	at sun.reflect.DelegatingConstructorAccessorImpl.newInstance(Unknown Source)
	at java.lang.reflect.Constructor.newInstance(Unknown Source)
	at org.openqa.selenium.remote.ErrorHandler.createThrowable(ErrorHandler.java:206)
	at org.openqa.selenium.remote.ErrorHandler.throwIfResponseFailed(ErrorHandler.java:158)
	at org.openqa.selenium.remote.RemoteWebDriver.execute(RemoteWebDriver.java:647)
	at org.openqa.selenium.remote.RemoteWebDriver.findElement(RemoteWebDriver.java:353)
	at org.openqa.selenium.remote.RemoteWebDriver.findElementByXPath(RemoteWebDriver.java:490)
	at org.openqa.selenium.By$ByXPath.findElement(By.java:361)
	at org.openqa.selenium.remote.RemoteWebDriver.findElement(RemoteWebDriver.java:345)
	at pageObject.CreateNonIndividualProvider.clickSaveButton(CreateNonIndividualProvider.java:75)
	at testCase.TestCaseForCreateNonIndiviualProviderAc.blankSubmit(TestCaseForCreateNonIndiviualProviderAc.java:34)
	at sun.reflect.NativeMethodAccessorImpl.invoke0(Native Method)
	at sun.reflect.NativeMethodAccessorImpl.invoke(Unknown Source)
	at sun.reflect.DelegatingMethodAccessorImpl.invoke(Unknown Source)
	at java.lang.reflect.Method.invoke(Unknown Source)
	at org.testng.internal.MethodInvocationHelper.invokeMethod(MethodInvocationHelper.java:85)
	at org.testng.internal.Invoker.invokeMethod(Invoker.java:639)
	at org.testng.internal.Invoker.invokeTestMethod(Invoker.java:821)
	at org.testng.internal.Invoker.invokeTestMethods(Invoker.java:1131)
	at org.testng.internal.TestMethodWorker.invokeTestMethods(TestMethodWorker.java:124)
	at org.testng.internal.TestMethodWorker.run(TestMethodWorker.java:108)
	at org.testng.TestRunner.privateRun(TestRunner.java:773)
	at org.testng.TestRunner.run(TestRunner.java:623)
	at org.testng.SuiteRunner.runTest(SuiteRunner.java:357)
	at org.testng.SuiteRunner.runSequentially(SuiteRunner.java:352)
	at org.testng.SuiteRunner.privateRun(SuiteRunner.java:310)
	at org.testng.SuiteRunner.run(SuiteRunner.java:259)
	at org.testng.SuiteRunnerWorker.runSuite(SuiteRunnerWorker.java:52)
	at org.testng.SuiteRunnerWorker.run(SuiteRunnerWorker.java:86)
	at org.testng.TestNG.runSuitesSequentially(TestNG.java:1185)
	at org.testng.TestNG.runSuitesLocally(TestNG.java:1110)
	at org.testng.TestNG.run(TestNG.java:1018)
	at org.testng.remote.RemoteTestNG.run(RemoteTestNG.java:111)
	at org.testng.remote.RemoteTestNG.initAndRun(RemoteTestNG.java:204)
	at org.testng.remote.RemoteTestNG.main(RemoteTestNG.java:175)
</pre></div></td>
<td>30</td>
<td>testCase.TestCaseForCreateNonIndiviualProviderAc@bbc1e0</td></tr>
<tr>
<td title='testCase.TestCaseForCreateNonIndiviualProviderAc.validLoginForNewAcCreate()'><b>validLoginForNewAcCreate</b><br>Test class: testCase.TestCaseForCreateNonIndiviualProviderAc</td>
<td><div><pre>org.openqa.selenium.InvalidSelectorException: The xpath expression &apos;.//*[@id=&apos;Account_Tab&apos;]/a&apos; cannot be evaluated or does notresult in a WebElement (WARNING: The server did not provide any stacktrace information)
Command duration or timeout: 2.38 seconds
For documentation on this error, please visit: http://seleniumhq.org/exceptions/invalid_selector_exception.html
Build info: version: &apos;2.48.2&apos;, revision: &apos;41bccdd&apos;, time: &apos;2015-10-09 19:55:52&apos;
System info: host: &apos;01250LT2368&apos;, ip: &apos;10.8.44.138&apos;, os.name: &apos;Windows 7&apos;, os.arch: &apos;x86&apos;, os.version: &apos;6.1&apos;, java.version: &apos;1.8.0_60&apos;
Driver info: org.openqa.selenium.ie.InternetExplorerDriver
Capabilities [{browserAttachTimeout=0, enablePersistentHover=true, ie.forceCreateProcessApi=false, pageLoadStrategy=normal, ie.usePerProcessProxy=false, ignoreZoomSetting=false, handlesAlerts=true, version=11, platform=WINDOWS, nativeEvents=true, ie.ensureCleanSession=false, elementScrollBehavior=0, ie.browserCommandLineSwitches=, requireWindowFocus=false, browserName=internet explorer, initialBrowserUrl=http://localhost:17130/, takesScreenshot=true, javascriptEnabled=true, ignoreProtectedModeSettings=true, enableElementCacheCleanup=true, cssSelectorsEnabled=true, unexpectedAlertBehaviour=dismiss}]
Session ID: fefca2af-ef2a-489d-8701-0560d7b39084
*** Element info: {Using=xpath, value=.//*[@id=&apos;Account_Tab&apos;]/a}
	at org.openqa.selenium.remote.ErrorHandler.createThrowable(ErrorHandler.java:206)
	at org.openqa.selenium.remote.ErrorHandler.throwIfResponseFailed(ErrorHandler.java:158)
	at org.openqa.selenium.remote.RemoteWebDriver.execute(RemoteWebDriver.java:647)
	at org.openqa.selenium.remote.RemoteWebDriver.findElement(RemoteWebDriver.java:353)
	at org.openqa.selenium.remote.RemoteWebDriver.findElementByXPath(RemoteWebDriver.java:490)
	at org.openqa.selenium.By$ByXPath.findElement(By.java:361)
	at org.openqa.selenium.remote.RemoteWebDriver.findElement(RemoteWebDriver.java:345)
	at pageObject.NavigateToOtherPage.navigateToAccountCreatePage(NavigateToOtherPage.java:35)
	at testCase.TestCaseForCreateNonIndiviualProviderAc.validLoginForNewAcCreate(TestCaseForCreateNonIndiviualProviderAc.java:20)
... Removed 28 stack frames</pre></div><a href='#' onClick='toggleBox("stack-trace13554827", this, "Click to show all stack frames", "Click to hide stack frames")'>Click to show all stack frames</a>
<div class='stack-trace' id='stack-trace13554827'><pre>org.openqa.selenium.InvalidSelectorException: The xpath expression &apos;.//*[@id=&apos;Account_Tab&apos;]/a&apos; cannot be evaluated or does notresult in a WebElement (WARNING: The server did not provide any stacktrace information)
Command duration or timeout: 2.38 seconds
For documentation on this error, please visit: http://seleniumhq.org/exceptions/invalid_selector_exception.html
Build info: version: &apos;2.48.2&apos;, revision: &apos;41bccdd&apos;, time: &apos;2015-10-09 19:55:52&apos;
System info: host: &apos;01250LT2368&apos;, ip: &apos;10.8.44.138&apos;, os.name: &apos;Windows 7&apos;, os.arch: &apos;x86&apos;, os.version: &apos;6.1&apos;, java.version: &apos;1.8.0_60&apos;
Driver info: org.openqa.selenium.ie.InternetExplorerDriver
Capabilities [{browserAttachTimeout=0, enablePersistentHover=true, ie.forceCreateProcessApi=false, pageLoadStrategy=normal, ie.usePerProcessProxy=false, ignoreZoomSetting=false, handlesAlerts=true, version=11, platform=WINDOWS, nativeEvents=true, ie.ensureCleanSession=false, elementScrollBehavior=0, ie.browserCommandLineSwitches=, requireWindowFocus=false, browserName=internet explorer, initialBrowserUrl=http://localhost:17130/, takesScreenshot=true, javascriptEnabled=true, ignoreProtectedModeSettings=true, enableElementCacheCleanup=true, cssSelectorsEnabled=true, unexpectedAlertBehaviour=dismiss}]
Session ID: fefca2af-ef2a-489d-8701-0560d7b39084
*** Element info: {Using=xpath, value=.//*[@id=&apos;Account_Tab&apos;]/a}
	at sun.reflect.NativeConstructorAccessorImpl.newInstance0(Native Method)
	at sun.reflect.NativeConstructorAccessorImpl.newInstance(Unknown Source)
	at sun.reflect.DelegatingConstructorAccessorImpl.newInstance(Unknown Source)
	at java.lang.reflect.Constructor.newInstance(Unknown Source)
	at org.openqa.selenium.remote.ErrorHandler.createThrowable(ErrorHandler.java:206)
	at org.openqa.selenium.remote.ErrorHandler.throwIfResponseFailed(ErrorHandler.java:158)
	at org.openqa.selenium.remote.RemoteWebDriver.execute(RemoteWebDriver.java:647)
	at org.openqa.selenium.remote.RemoteWebDriver.findElement(RemoteWebDriver.java:353)
	at org.openqa.selenium.remote.RemoteWebDriver.findElementByXPath(RemoteWebDriver.java:490)
	at org.openqa.selenium.By$ByXPath.findElement(By.java:361)
	at org.openqa.selenium.remote.RemoteWebDriver.findElement(RemoteWebDriver.java:345)
	at pageObject.NavigateToOtherPage.navigateToAccountCreatePage(NavigateToOtherPage.java:35)
	at testCase.TestCaseForCreateNonIndiviualProviderAc.validLoginForNewAcCreate(TestCaseForCreateNonIndiviualProviderAc.java:20)
	at sun.reflect.NativeMethodAccessorImpl.invoke0(Native Method)
	at sun.reflect.NativeMethodAccessorImpl.invoke(Unknown Source)
	at sun.reflect.DelegatingMethodAccessorImpl.invoke(Unknown Source)
	at java.lang.reflect.Method.invoke(Unknown Source)
	at org.testng.internal.MethodInvocationHelper.invokeMethod(MethodInvocationHelper.java:85)
	at org.testng.internal.Invoker.invokeMethod(Invoker.java:639)
	at org.testng.internal.Invoker.invokeTestMethod(Invoker.java:821)
	at org.testng.internal.Invoker.invokeTestMethods(Invoker.java:1131)
	at org.testng.internal.TestMethodWorker.invokeTestMethods(TestMethodWorker.java:124)
	at org.testng.internal.TestMethodWorker.run(TestMethodWorker.java:108)
	at org.testng.TestRunner.privateRun(TestRunner.java:773)
	at org.testng.TestRunner.run(TestRunner.java:623)
	at org.testng.SuiteRunner.runTest(SuiteRunner.java:357)
	at org.testng.SuiteRunner.runSequentially(SuiteRunner.java:352)
	at org.testng.SuiteRunner.privateRun(SuiteRunner.java:310)
	at org.testng.SuiteRunner.run(SuiteRunner.java:259)
	at org.testng.SuiteRunnerWorker.runSuite(SuiteRunnerWorker.java:52)
	at org.testng.SuiteRunnerWorker.run(SuiteRunnerWorker.java:86)
	at org.testng.TestNG.runSuitesSequentially(TestNG.java:1185)
	at org.testng.TestNG.runSuitesLocally(TestNG.java:1110)
	at org.testng.TestNG.run(TestNG.java:1018)
	at org.testng.remote.RemoteTestNG.run(RemoteTestNG.java:111)
	at org.testng.remote.RemoteTestNG.initAndRun(RemoteTestNG.java:204)
	at org.testng.remote.RemoteTestNG.main(RemoteTestNG.java:175)
</pre></div></td>
<td>5</td>
<td>testCase.TestCaseForCreateNonIndiviualProviderAc@bbc1e0</td></tr>
</table><p>
<table width='100%' border='1' class='invocation-passed'>
<tr><td colspan='4' align='center'><b>PASSED TESTS</b></td></tr>
<tr><td><b>Test method</b></td>
<td width="30%"><b>Exception</b></td>
<td width="10%"><b>Time (seconds)</b></td>
<td><b>Instance</b></td>
</tr>
<tr>
<td title='testCase.TestCaseForCreateIndiviualProviderAc.EmailVerify()'><b>EmailVerify</b><br>Test class: testCase.TestCaseForCreateIndiviualProviderAc</td>
<td></td>
<td>6</td>
<td>testCase.TestCaseForCreateIndiviualProviderAc@1f97b55</td></tr>
<tr>
<td title='testCase.TestCaseForCreateIndiviualProviderAc.blankSubmit()'><b>blankSubmit</b><br>Test class: testCase.TestCaseForCreateIndiviualProviderAc</td>
<td></td>
<td>3</td>
<td>testCase.TestCaseForCreateIndiviualProviderAc@1f97b55</td></tr>
<tr>
<td title='testCase.TestCaseForCreateMemberAcWithLogin.createAMemberAcWithValidData()'><b>createAMemberAcWithValidData</b><br>Test class: testCase.TestCaseForCreateMemberAcWithLogin</td>
<td></td>
<td>12</td>
<td>testCase.TestCaseForCreateMemberAcWithLogin@6e2eef</td></tr>
<tr>
<td title='testCase.TestCaseForCreateIndiviualProviderAc.createANewAcc()'><b>createANewAcc</b><br>Test class: testCase.TestCaseForCreateIndiviualProviderAc</td>
<td></td>
<td>9</td>
<td>testCase.TestCaseForCreateIndiviualProviderAc@1f97b55</td></tr>
<tr>
<td title='testCase.TestCaseForCreateMemberAcWithLogin.enterBlankDataIntoMemberAc()'><b>enterBlankDataIntoMemberAc</b><br>Test class: testCase.TestCaseForCreateMemberAcWithLogin</td>
<td></td>
<td>2</td>
<td>testCase.TestCaseForCreateMemberAcWithLogin@6e2eef</td></tr>
<tr>
<td title='testCase.TestCaseForCreateMemberAcWithLogin.enterInvalidDate()'><b>enterInvalidDate</b><br>Test class: testCase.TestCaseForCreateMemberAcWithLogin</td>
<td></td>
<td>9</td>
<td>testCase.TestCaseForCreateMemberAcWithLogin@6e2eef</td></tr>
<tr>
<td title='testCase.TestCaseForCreateMemberAcWithLogin.enterInvalidEmail()'><b>enterInvalidEmail</b><br>Test class: testCase.TestCaseForCreateMemberAcWithLogin</td>
<td></td>
<td>9</td>
<td>testCase.TestCaseForCreateMemberAcWithLogin@6e2eef</td></tr>
<tr>
<td title='testCase.TestCaseForCreateMemberAcWithLogin.enterInvalidSsn()'><b>enterInvalidSsn</b><br>Test class: testCase.TestCaseForCreateMemberAcWithLogin</td>
<td></td>
<td>6</td>
<td>testCase.TestCaseForCreateMemberAcWithLogin@6e2eef</td></tr>
<tr>
<td title='testCase.TestCaseForCreateIndiviualProviderAc.lastNameVerify()'><b>lastNameVerify</b><br>Test class: testCase.TestCaseForCreateIndiviualProviderAc</td>
<td></td>
<td>4</td>
<td>testCase.TestCaseForCreateIndiviualProviderAc@1f97b55</td></tr>
<tr>
<td title='testCase.TestCaseForLogin.logIn()'><b>logIn</b><br>Test class: testCase.TestCaseForLogin</td>
<td></td>
<td>6</td>
<td>testCase.TestCaseForLogin@b7bfc0</td></tr>
<tr>
<td title='testCase.TestCaseForCreateMemberAcWithLogin.loginIntoApplication()'><b>loginIntoApplication</b><br>Test class: testCase.TestCaseForCreateMemberAcWithLogin</td>
<td></td>
<td>17</td>
<td>testCase.TestCaseForCreateMemberAcWithLogin@6e2eef</td></tr>
<tr>
<td title='testCase.TestCaseForLogin.logout()'><b>logout</b><br>Test class: testCase.TestCaseForLogin</td>
<td></td>
<td>10</td>
<td>testCase.TestCaseForLogin@b7bfc0</td></tr>
<tr>
<td title='testCase.TestCaseForCreateMemberAcWithLogin.navigateToAccountPage()'><b>navigateToAccountPage</b><br>Test class: testCase.TestCaseForCreateMemberAcWithLogin</td>
<td></td>
<td>4</td>
<td>testCase.TestCaseForCreateMemberAcWithLogin@6e2eef</td></tr>
<tr>
<td title='testCase.TestCaseForLogin.validLogin()'><b>validLogin</b><br>Test class: testCase.TestCaseForLogin</td>
<td></td>
<td>3</td>
<td>testCase.TestCaseForLogin@b7bfc0</td></tr>
<tr>
<td title='testCase.TestCaseForCreateIndiviualProviderAc.validLoginForNewAcCreate()'><b>validLoginForNewAcCreate</b><br>Test class: testCase.TestCaseForCreateIndiviualProviderAc</td>
<td></td>
<td>13</td>
<td>testCase.TestCaseForCreateIndiviualProviderAc@1f97b55</td></tr>
<tr>
<td title='testCase.TestCaseForLogin.verifyInvalidID()'><b>verifyInvalidID</b><br>Test class: testCase.TestCaseForLogin</td>
<td></td>
<td>4</td>
<td>testCase.TestCaseForLogin@b7bfc0</td></tr>
<tr>
<td title='testCase.TestCaseForLogin.verifyInvalidIDBlank()'><b>verifyInvalidIDBlank</b><br>Test class: testCase.TestCaseForLogin</td>
<td></td>
<td>3</td>
<td>testCase.TestCaseForLogin@b7bfc0</td></tr>
<tr>
<td title='testCase.TestCaseForLogin.verifyInvalidPassword()'><b>verifyInvalidPassword</b><br>Test class: testCase.TestCaseForLogin</td>
<td></td>
<td>5</td>
<td>testCase.TestCaseForLogin@b7bfc0</td></tr>
<tr>
<td title='testCase.TestCaseForLogin.verifyRemebarMeCheckBox()'><b>verifyRemebarMeCheckBox</b><br>Test class: testCase.TestCaseForLogin</td>
<td></td>
<td>2</td>
<td>testCase.TestCaseForLogin@b7bfc0</td></tr>
<tr>
<td title='testCase.TestCaseForLogin.verifyTitle()'><b>verifyTitle</b><br>Test class: testCase.TestCaseForLogin</td>
<td></td>
<td>0</td>
<td>testCase.TestCaseForLogin@b7bfc0</td></tr>
</table><p>
</body>
</html>