<!DOCTYPE html PUBLIC "-//W3C//DTD XHTML 1.1//EN" "http://www.w3.org/TR/xhtml11/DTD/xhtml11.dtd">
<html xmlns="http://www.w3.org/1999/xhtml"><head><title>TestNG Report</title><style type="text/css">table {margin-bottom:10px;border-collapse:collapse;empty-cells:show}th,td {border:1px solid #009;padding:.25em .5em}th {vertical-align:bottom}td {vertical-align:top}table a {font-weight:bold}.stripe td {background-color: #E6EBF9}.num {text-align:right}.passedodd td {background-color: #3F3}.passedeven td {background-color: #0A0}.skippedodd td {background-color: #DDD}.skippedeven td {background-color: #CCC}.failedodd td,.attn {background-color: #F33}.failedeven td,.stripe .attn {background-color: #D00}.stacktrace {white-space:pre;font-family:monospace}.totop {font-size:85%;text-align:center;border-bottom:2px solid #000}</style></head><body><table><tr><th>Test</th><th># Passed</th><th># Skipped</th><th># Failed</th><th>Time (ms)</th><th>Included Groups</th><th>Excluded Groups</th></tr><tr><th colspan="7">Suite</th></tr><tr><td><a href="#t0">Test1</a></td><td class="num">19</td><td class="num">0</td><td class="num attn">3</td><td class="num">164,906</td><td></td><td></td></tr><tr class="stripe"><td><a href="#t1">Test2</a></td><td class="num">20</td><td class="num">0</td><td class="num attn">2</td><td class="num">178,113</td><td></td><td></td></tr><tr><td><a href="#t2">Test3</a></td><td class="num">22</td><td class="num">0</td><td class="num">0</td><td class="num">70,657</td><td></td><td></td></tr><tr><th>Total</th><th class="num">61</th><th class="num">0</th><th class="num attn">5</th><th class="num">413,676</th><th colspan="2"></th></tr></table><table><thead><tr><th>Class</th><th>Method</th><th>Start</th><th>Time (ms)</th></tr></thead><tbody><tr><th colspan="4">Suite</th></tr></tbody><tbody id="t0"><tr><th colspan="4">Test1 &#8212; failed</th></tr><tr class="failedeven"><td rowspan="3">testCase.TestCaseForCreateIndiviualProviderAc</td><td><a href="#m0">blankSubmit</a></td><td rowspan="1">1453484066280</td><td rowspan="1">30083</td></tr><tr class="failedeven"><td><a href="#m1">lastNameVerify</a></td><td rowspan="1">1453484096368</td><td rowspan="1">30094</td></tr><tr class="failedeven"><td><a href="#m2">validLoginForNewAcCreate</a></td><td rowspan="1">1453484032692</td><td rowspan="1">33575</td></tr><tr><th colspan="4">Test1 &#8212; passed</th></tr><tr class="passedeven"><td rowspan="2">testCase.TestCaseForCreateIndiviualProviderAc</td><td><a href="#m3">EmailVerify</a></td><td rowspan="1">1453484126468</td><td rowspan="1">16621</td></tr><tr class="passedeven"><td><a href="#m4">createANewAcc</a></td><td rowspan="1">1453484143090</td><td rowspan="1">2788</td></tr><tr class="passedodd"><td rowspan="7">testCase.TestCaseForCreateMemberAcWithLogin</td><td><a href="#m5">createAMemberAcWithValidData</a></td><td rowspan="1">1453484029198</td><td rowspan="1">3493</td></tr><tr class="passedodd"><td><a href="#m6">enterBlankDataIntoMemberAc</a></td><td rowspan="1">1453484021356</td><td rowspan="1">2356</td></tr><tr class="passedodd"><td><a href="#m7">enterInvalidDate</a></td><td rowspan="1">1453484025369</td><td rowspan="1">1893</td></tr><tr class="passedodd"><td><a href="#m8">enterInvalidEmail</a></td><td rowspan="1">1453484027262</td><td rowspan="1">1935</td></tr><tr class="passedodd"><td><a href="#m9">enterInvalidSsn</a></td><td rowspan="1">1453484023712</td><td rowspan="1">1656</td></tr><tr class="passedodd"><td><a href="#m10">loginIntoApplication</a></td><td rowspan="1">1453484014290</td><td rowspan="1">1927</td></tr><tr class="passedodd"><td><a href="#m11">navigateToAccountPage</a></td><td rowspan="1">1453484016218</td><td rowspan="1">5138</td></tr><tr class="passedeven"><td rowspan="2">testCase.TestCaseForCreateNonIndiviualProviderAc</td><td><a href="#m12">blankSubmit</a></td><td rowspan="1">1453484154525</td><td rowspan="1">3250</td></tr><tr class="passedeven"><td><a href="#m13">validLoginForNewAcCreate</a></td><td rowspan="1">1453484145878</td><td rowspan="1">8647</td></tr><tr class="passedodd"><td rowspan="8">testCase.TestCaseForLogin</td><td><a href="#m14">logIn</a></td><td rowspan="1">1453484006929</td><td rowspan="1">6642</td></tr><tr class="passedodd"><td><a href="#m15">logout</a></td><td rowspan="1">1453484013795</td><td rowspan="1">494</td></tr><tr class="passedodd"><td><a href="#m16">validLogin</a></td><td rowspan="1">1453484004839</td><td rowspan="1">904</td></tr><tr class="passedodd"><td><a href="#m17">verifyInvalidID</a></td><td rowspan="1">1453484002447</td><td rowspan="1">974</td></tr><tr class="passedodd"><td><a href="#m18">verifyInvalidIDBlank</a></td><td rowspan="1">1453484001162</td><td rowspan="1">1284</td></tr><tr class="passedodd"><td><a href="#m19">verifyInvalidPassword</a></td><td rowspan="1">1453484003421</td><td rowspan="1">1418</td></tr><tr class="passedodd"><td><a href="#m20">verifyRemebarMeCheckBox</a></td><td rowspan="1">1453484005745</td><td rowspan="1">1183</td></tr><tr class="passedodd"><td><a href="#m21">verifyTitle</a></td><td rowspan="1">1453484013571</td><td rowspan="1">224</td></tr></tbody><tbody id="t1"><tr><th colspan="4">Test2 &#8212; failed</th></tr><tr class="failedeven"><td rowspan="2">testCase.TestCaseForCreateNonIndiviualProviderAc</td><td><a href="#m22">blankSubmit</a></td><td rowspan="1">1453484305664</td><td rowspan="1">30248</td></tr><tr class="failedeven"><td><a href="#m23">validLoginForNewAcCreate</a></td><td rowspan="1">1453484300610</td><td rowspan="1">5052</td></tr><tr><th colspan="4">Test2 &#8212; passed</th></tr><tr class="passedeven"><td rowspan="5">testCase.TestCaseForCreateIndiviualProviderAc</td><td><a href="#m24">EmailVerify</a></td><td rowspan="1">1453484284727</td><td rowspan="1">6427</td></tr><tr class="passedeven"><td><a href="#m25">blankSubmit</a></td><td rowspan="1">1453484276458</td><td rowspan="1">3956</td></tr><tr class="passedeven"><td><a href="#m26">createANewAcc</a></td><td rowspan="1">1453484291154</td><td rowspan="1">9455</td></tr><tr class="passedeven"><td><a href="#m27">lastNameVerify</a></td><td rowspan="1">1453484280415</td><td rowspan="1">4312</td></tr><tr class="passedeven"><td><a href="#m28">validLoginForNewAcCreate</a></td><td rowspan="1">1453484262831</td><td rowspan="1">13626</td></tr><tr class="passedodd"><td rowspan="7">testCase.TestCaseForCreateMemberAcWithLogin</td><td><a href="#m29">createAMemberAcWithValidData</a></td><td rowspan="1">1453484250633</td><td rowspan="1">12197</td></tr><tr class="passedodd"><td><a href="#m30">enterBlankDataIntoMemberAc</a></td><td rowspan="1">1453484222136</td><td rowspan="1">2405</td></tr><tr class="passedodd"><td><a href="#m31">enterInvalidDate</a></td><td rowspan="1">1453484231513</td><td rowspan="1">9800</td></tr><tr class="passedodd"><td><a href="#m32">enterInvalidEmail</a></td><td rowspan="1">1453484241314</td><td rowspan="1">9318</td></tr><tr class="passedodd"><td><a href="#m33">enterInvalidSsn</a></td><td rowspan="1">1453484224543</td><td rowspan="1">6969</td></tr><tr class="passedodd"><td><a href="#m34">loginIntoApplication</a></td><td rowspan="1">1453484200295</td><td rowspan="1">17040</td></tr><tr class="passedodd"><td><a href="#m35">navigateToAccountPage</a></td><td rowspan="1">1453484217337</td><td rowspan="1">4799</td></tr><tr class="passedeven"><td rowspan="8">testCase.TestCaseForLogin</td><td><a href="#m36">logIn</a></td><td rowspan="1">1453484182731</td><td rowspan="1">6571</td></tr><tr class="passedeven"><td><a href="#m37">logout</a></td><td rowspan="1">1453484189683</td><td rowspan="1">10609</td></tr><tr class="passedeven"><td><a href="#m38">validLogin</a></td><td rowspan="1">1453484177056</td><td rowspan="1">3243</td></tr><tr class="passedeven"><td><a href="#m39">verifyInvalidID</a></td><td rowspan="1">1453484166837</td><td rowspan="1">4518</td></tr><tr class="passedeven"><td><a href="#m40">verifyInvalidIDBlank</a></td><td rowspan="1">1453484163201</td><td rowspan="1">3636</td></tr><tr class="passedeven"><td><a href="#m41">verifyInvalidPassword</a></td><td rowspan="1">1453484171355</td><td rowspan="1">5700</td></tr><tr class="passedeven"><td><a href="#m42">verifyRemebarMeCheckBox</a></td><td rowspan="1">1453484180301</td><td rowspan="1">2429</td></tr><tr class="passedeven"><td><a href="#m43">verifyTitle</a></td><td rowspan="1">1453484189303</td><td rowspan="1">380</td></tr></tbody><tbody id="t2"><tr><th colspan="4">Test3 &#8212; passed</th></tr><tr class="passedeven"><td rowspan="5">testCase.TestCaseForCreateIndiviualProviderAc</td><td><a href="#m44">EmailVerify</a></td><td rowspan="1">1453484390902</td><td rowspan="1">1018</td></tr><tr class="passedeven"><td><a href="#m45">blankSubmit</a></td><td rowspan="1">1453484386605</td><td rowspan="1">3388</td></tr><tr class="passedeven"><td><a href="#m46">createANewAcc</a></td><td rowspan="1">1453484391921</td><td rowspan="1">2249</td></tr><tr class="passedeven"><td><a href="#m47">lastNameVerify</a></td><td rowspan="1">1453484389994</td><td rowspan="1">907</td></tr><tr class="passedeven"><td><a href="#m48">validLoginForNewAcCreate</a></td><td rowspan="1">1453484378487</td><td rowspan="1">8117</td></tr><tr class="passedodd"><td rowspan="7">testCase.TestCaseForCreateMemberAcWithLogin</td><td><a href="#m49">createAMemberAcWithValidData</a></td><td rowspan="1">1453484375597</td><td rowspan="1">2890</td></tr><tr class="passedodd"><td><a href="#m50">enterBlankDataIntoMemberAc</a></td><td rowspan="1">1453484369150</td><td rowspan="1">1905</td></tr><tr class="passedodd"><td><a href="#m51">enterInvalidDate</a></td><td rowspan="1">1453484372516</td><td rowspan="1">1594</td></tr><tr class="passedodd"><td><a href="#m52">enterInvalidEmail</a></td><td rowspan="1">1453484374110</td><td rowspan="1">1487</td></tr><tr class="passedodd"><td><a href="#m53">enterInvalidSsn</a></td><td rowspan="1">1453484371060</td><td rowspan="1">1455</td></tr><tr class="passedodd"><td><a href="#m54">loginIntoApplication</a></td><td rowspan="1">1453484362290</td><td rowspan="1">2133</td></tr><tr class="passedodd"><td><a href="#m55">navigateToAccountPage</a></td><td rowspan="1">1453484364424</td><td rowspan="1">4726</td></tr><tr class="passedeven"><td rowspan="2">testCase.TestCaseForCreateNonIndiviualProviderAc</td><td><a href="#m56">blankSubmit</a></td><td rowspan="1">1453484402449</td><td rowspan="1">4150</td></tr><tr class="passedeven"><td><a href="#m57">validLoginForNewAcCreate</a></td><td rowspan="1">1453484394171</td><td rowspan="1">8278</td></tr><tr class="passedodd"><td rowspan="8">testCase.TestCaseForLogin</td><td><a href="#m58">logIn</a></td><td rowspan="1">1453484354118</td><td rowspan="1">7435</td></tr><tr class="passedodd"><td><a href="#m59">logout</a></td><td rowspan="1">1453484361791</td><td rowspan="1">498</td></tr><tr class="passedodd"><td><a href="#m60">validLogin</a></td><td rowspan="1">1453484352449</td><td rowspan="1">702</td></tr><tr class="passedodd"><td><a href="#m61">verifyInvalidID</a></td><td rowspan="1">1453484347221</td><td rowspan="1">2263</td></tr><tr class="passedodd"><td><a href="#m62">verifyInvalidIDBlank</a></td><td rowspan="1">1453484344364</td><td rowspan="1">2856</td></tr><tr class="passedodd"><td><a href="#m63">verifyInvalidPassword</a></td><td rowspan="1">1453484349484</td><td rowspan="1">2964</td></tr><tr class="passedodd"><td><a href="#m64">verifyRemebarMeCheckBox</a></td><td rowspan="1">1453484353152</td><td rowspan="1">965</td></tr><tr class="passedodd"><td><a href="#m65">verifyTitle</a></td><td rowspan="1">1453484361554</td><td rowspan="1">236</td></tr></tbody></table><h2>Test1</h2><h3 id="m0">testCase.TestCaseForCreateIndiviualProviderAc#blankSubmit</h3><table class="result"><tr><th>Exception</th></tr><tr><td><div class="stacktrace">org.openqa.selenium.NoSuchElementException: Unable to locate element: {&quot;method&quot;:&quot;xpath&quot;,&quot;selector&quot;:&quot;.//*[@id=&apos;topButtonRow&apos;]/input[1]&quot;}
Command duration or timeout: 30.07 seconds
For documentation on this error, please visit: http://seleniumhq.org/exceptions/no_such_element.html
Build info: version: &apos;2.48.2&apos;, revision: &apos;41bccdd&apos;, time: &apos;2015-10-09 19:55:52&apos;
System info: host: &apos;01250LT2368&apos;, ip: &apos;10.8.44.138&apos;, os.name: &apos;Windows 7&apos;, os.arch: &apos;x86&apos;, os.version: &apos;6.1&apos;, java.version: &apos;1.8.0_60&apos;
Driver info: org.openqa.selenium.firefox.FirefoxDriver
Capabilities [{applicationCacheEnabled=true, rotatable=false, handlesAlerts=true, databaseEnabled=true, version=40.0.3, platform=WINDOWS, nativeEvents=false, acceptSslCerts=true, webStorageEnabled=true, locationContextEnabled=true, browserName=firefox, takesScreenshot=true, javascriptEnabled=true, cssSelectorsEnabled=true}]
Session ID: 08efcc23-f822-417a-aab4-b62d15f84060
*** Element info: {Using=xpath, value=.//*[@id=&apos;topButtonRow&apos;]/input[1]}
	at org.openqa.selenium.remote.ErrorHandler.createThrowable(ErrorHandler.java:206)
	at org.openqa.selenium.remote.ErrorHandler.throwIfResponseFailed(ErrorHandler.java:158)
	at org.openqa.selenium.remote.RemoteWebDriver.execute(RemoteWebDriver.java:647)
	at org.openqa.selenium.remote.RemoteWebDriver.findElement(RemoteWebDriver.java:353)
	at org.openqa.selenium.remote.RemoteWebDriver.findElementByXPath(RemoteWebDriver.java:490)
	at org.openqa.selenium.By$ByXPath.findElement(By.java:361)
	at org.openqa.selenium.remote.RemoteWebDriver.findElement(RemoteWebDriver.java:345)
	at pageObject.CreateIndividualProviderAccount.clickSaveButton(CreateIndividualProviderAccount.java:73)
	at testCase.TestCaseForCreateIndiviualProviderAc.blankSubmit(TestCaseForCreateIndiviualProviderAc.java:38)
Caused by: org.openqa.selenium.NoSuchElementException: Unable to locate element: {&quot;method&quot;:&quot;xpath&quot;,&quot;selector&quot;:&quot;.//*[@id=&apos;topButtonRow&apos;]/input[1]&quot;}
For documentation on this error, please visit: http://seleniumhq.org/exceptions/no_such_element.html
Build info: version: &apos;2.48.2&apos;, revision: &apos;41bccdd&apos;, time: &apos;2015-10-09 19:55:52&apos;
System info: host: &apos;01250LT2368&apos;, ip: &apos;10.8.44.138&apos;, os.name: &apos;Windows 7&apos;, os.arch: &apos;x86&apos;, os.version: &apos;6.1&apos;, java.version: &apos;1.8.0_60&apos;
Driver info: driver.version: unknown
	at &lt;anonymous class&gt;.FirefoxDriver.prototype.findElementInternal_(file:///C:/Users/jakther/AppData/Local/Temp/anonymous8542792990824281469webdriver-profile/extensions/fxdriver@googlecode.com/components/driver-component.js:10659)
	at &lt;anonymous class&gt;.fxdriver.Timer.prototype.setTimeout/&lt;.notify(file:///C:/Users/jakther/AppData/Local/Temp/anonymous8542792990824281469webdriver-profile/extensions/fxdriver@googlecode.com/components/driver-component.js:621)
... Removed 28 stack frames</div></td></tr></table><p class="totop"><a href="#summary">back to summary</a></p><h3 id="m1">testCase.TestCaseForCreateIndiviualProviderAc#lastNameVerify</h3><table class="result"><tr><th>Exception</th></tr><tr><td><div class="stacktrace">org.openqa.selenium.NoSuchElementException: Unable to locate element: {&quot;method&quot;:&quot;id&quot;,&quot;selector&quot;:&quot;00NF000000ColTt&quot;}
Command duration or timeout: 30.07 seconds
For documentation on this error, please visit: http://seleniumhq.org/exceptions/no_such_element.html
Build info: version: &apos;2.48.2&apos;, revision: &apos;41bccdd&apos;, time: &apos;2015-10-09 19:55:52&apos;
System info: host: &apos;01250LT2368&apos;, ip: &apos;10.8.44.138&apos;, os.name: &apos;Windows 7&apos;, os.arch: &apos;x86&apos;, os.version: &apos;6.1&apos;, java.version: &apos;1.8.0_60&apos;
Driver info: org.openqa.selenium.firefox.FirefoxDriver
Capabilities [{applicationCacheEnabled=true, rotatable=false, handlesAlerts=true, databaseEnabled=true, version=40.0.3, platform=WINDOWS, nativeEvents=false, acceptSslCerts=true, webStorageEnabled=true, locationContextEnabled=true, browserName=firefox, takesScreenshot=true, javascriptEnabled=true, cssSelectorsEnabled=true}]
Session ID: 08efcc23-f822-417a-aab4-b62d15f84060
*** Element info: {Using=id, value=00NF000000ColTt}
	at org.openqa.selenium.remote.ErrorHandler.createThrowable(ErrorHandler.java:206)
	at org.openqa.selenium.remote.ErrorHandler.throwIfResponseFailed(ErrorHandler.java:158)
	at org.openqa.selenium.remote.RemoteWebDriver.execute(RemoteWebDriver.java:647)
	at org.openqa.selenium.remote.RemoteWebDriver.findElement(RemoteWebDriver.java:353)
	at org.openqa.selenium.remote.RemoteWebDriver.findElementById(RemoteWebDriver.java:403)
	at org.openqa.selenium.By$ById.findElement(By.java:218)
	at org.openqa.selenium.remote.RemoteWebDriver.findElement(RemoteWebDriver.java:345)
	at pageObject.CreateIndividualProviderAccount.enterTxtOnFirstName(CreateIndividualProviderAccount.java:109)
	at testCase.TestCaseForCreateIndiviualProviderAc.lastNameVerify(TestCaseForCreateIndiviualProviderAc.java:57)
Caused by: org.openqa.selenium.NoSuchElementException: Unable to locate element: {&quot;method&quot;:&quot;id&quot;,&quot;selector&quot;:&quot;00NF000000ColTt&quot;}
For documentation on this error, please visit: http://seleniumhq.org/exceptions/no_such_element.html
Build info: version: &apos;2.48.2&apos;, revision: &apos;41bccdd&apos;, time: &apos;2015-10-09 19:55:52&apos;
System info: host: &apos;01250LT2368&apos;, ip: &apos;10.8.44.138&apos;, os.name: &apos;Windows 7&apos;, os.arch: &apos;x86&apos;, os.version: &apos;6.1&apos;, java.version: &apos;1.8.0_60&apos;
Driver info: driver.version: unknown
	at &lt;anonymous class&gt;.FirefoxDriver.prototype.findElementInternal_(file:///C:/Users/jakther/AppData/Local/Temp/anonymous8542792990824281469webdriver-profile/extensions/fxdriver@googlecode.com/components/driver-component.js:10659)
	at &lt;anonymous class&gt;.fxdriver.Timer.prototype.setTimeout/&lt;.notify(file:///C:/Users/jakther/AppData/Local/Temp/anonymous8542792990824281469webdriver-profile/extensions/fxdriver@googlecode.com/components/driver-component.js:621)
... Removed 28 stack frames</div></td></tr></table><p class="totop"><a href="#summary">back to summary</a></p><h3 id="m2">testCase.TestCaseForCreateIndiviualProviderAc#validLoginForNewAcCreate</h3><table class="result"><tr><th>Exception</th></tr><tr><td><div class="stacktrace">org.openqa.selenium.NoSuchElementException: Unable to locate element: {&quot;method&quot;:&quot;xpath&quot;,&quot;selector&quot;:&quot;.//*[@id=&apos;hotlist&apos;]/table/tbody/tr/td[2]/input&quot;}
Command duration or timeout: 30.11 seconds
For documentation on this error, please visit: http://seleniumhq.org/exceptions/no_such_element.html
Build info: version: &apos;2.48.2&apos;, revision: &apos;41bccdd&apos;, time: &apos;2015-10-09 19:55:52&apos;
System info: host: &apos;01250LT2368&apos;, ip: &apos;10.8.44.138&apos;, os.name: &apos;Windows 7&apos;, os.arch: &apos;x86&apos;, os.version: &apos;6.1&apos;, java.version: &apos;1.8.0_60&apos;
Driver info: org.openqa.selenium.firefox.FirefoxDriver
Capabilities [{applicationCacheEnabled=true, rotatable=false, handlesAlerts=true, databaseEnabled=true, version=40.0.3, platform=WINDOWS, nativeEvents=false, acceptSslCerts=true, webStorageEnabled=true, locationContextEnabled=true, browserName=firefox, takesScreenshot=true, javascriptEnabled=true, cssSelectorsEnabled=true}]
Session ID: 08efcc23-f822-417a-aab4-b62d15f84060
*** Element info: {Using=xpath, value=.//*[@id=&apos;hotlist&apos;]/table/tbody/tr/td[2]/input}
	at org.openqa.selenium.remote.ErrorHandler.createThrowable(ErrorHandler.java:206)
	at org.openqa.selenium.remote.ErrorHandler.throwIfResponseFailed(ErrorHandler.java:158)
	at org.openqa.selenium.remote.RemoteWebDriver.execute(RemoteWebDriver.java:647)
	at org.openqa.selenium.remote.RemoteWebDriver.findElement(RemoteWebDriver.java:353)
	at org.openqa.selenium.remote.RemoteWebDriver.findElementByXPath(RemoteWebDriver.java:490)
	at org.openqa.selenium.By$ByXPath.findElement(By.java:361)
	at org.openqa.selenium.remote.RemoteWebDriver.findElement(RemoteWebDriver.java:345)
	at pageObject.NavigateToOtherPage.navigateToAccountCreatePage(NavigateToOtherPage.java:37)
	at testCase.TestCaseForCreateIndiviualProviderAc.validLoginForNewAcCreate(TestCaseForCreateIndiviualProviderAc.java:25)
Caused by: org.openqa.selenium.NoSuchElementException: Unable to locate element: {&quot;method&quot;:&quot;xpath&quot;,&quot;selector&quot;:&quot;.//*[@id=&apos;hotlist&apos;]/table/tbody/tr/td[2]/input&quot;}
For documentation on this error, please visit: http://seleniumhq.org/exceptions/no_such_element.html
Build info: version: &apos;2.48.2&apos;, revision: &apos;41bccdd&apos;, time: &apos;2015-10-09 19:55:52&apos;
System info: host: &apos;01250LT2368&apos;, ip: &apos;10.8.44.138&apos;, os.name: &apos;Windows 7&apos;, os.arch: &apos;x86&apos;, os.version: &apos;6.1&apos;, java.version: &apos;1.8.0_60&apos;
Driver info: driver.version: unknown
	at &lt;anonymous class&gt;.FirefoxDriver.prototype.findElementInternal_(file:///C:/Users/jakther/AppData/Local/Temp/anonymous8542792990824281469webdriver-profile/extensions/fxdriver@googlecode.com/components/driver-component.js:10659)
	at &lt;anonymous class&gt;.fxdriver.Timer.prototype.setTimeout/&lt;.notify(file:///C:/Users/jakther/AppData/Local/Temp/anonymous8542792990824281469webdriver-profile/extensions/fxdriver@googlecode.com/components/driver-component.js:621)
... Removed 28 stack frames</div></td></tr></table><p class="totop"><a href="#summary">back to summary</a></p><h3 id="m3">testCase.TestCaseForCreateIndiviualProviderAc#EmailVerify</h3><table class="result"></table><p class="totop"><a href="#summary">back to summary</a></p><h3 id="m4">testCase.TestCaseForCreateIndiviualProviderAc#createANewAcc</h3><table class="result"></table><p class="totop"><a href="#summary">back to summary</a></p><h3 id="m5">testCase.TestCaseForCreateMemberAcWithLogin#createAMemberAcWithValidData</h3><table class="result"></table><p class="totop"><a href="#summary">back to summary</a></p><h3 id="m6">testCase.TestCaseForCreateMemberAcWithLogin#enterBlankDataIntoMemberAc</h3><table class="result"></table><p class="totop"><a href="#summary">back to summary</a></p><h3 id="m7">testCase.TestCaseForCreateMemberAcWithLogin#enterInvalidDate</h3><table class="result"></table><p class="totop"><a href="#summary">back to summary</a></p><h3 id="m8">testCase.TestCaseForCreateMemberAcWithLogin#enterInvalidEmail</h3><table class="result"></table><p class="totop"><a href="#summary">back to summary</a></p><h3 id="m9">testCase.TestCaseForCreateMemberAcWithLogin#enterInvalidSsn</h3><table class="result"></table><p class="totop"><a href="#summary">back to summary</a></p><h3 id="m10">testCase.TestCaseForCreateMemberAcWithLogin#loginIntoApplication</h3><table class="result"></table><p class="totop"><a href="#summary">back to summary</a></p><h3 id="m11">testCase.TestCaseForCreateMemberAcWithLogin#navigateToAccountPage</h3><table class="result"></table><p class="totop"><a href="#summary">back to summary</a></p><h3 id="m12">testCase.TestCaseForCreateNonIndiviualProviderAc#blankSubmit</h3><table class="result"></table><p class="totop"><a href="#summary">back to summary</a></p><h3 id="m13">testCase.TestCaseForCreateNonIndiviualProviderAc#validLoginForNewAcCreate</h3><table class="result"></table><p class="totop"><a href="#summary">back to summary</a></p><h3 id="m14">testCase.TestCaseForLogin#logIn</h3><table class="result"></table><p class="totop"><a href="#summary">back to summary</a></p><h3 id="m15">testCase.TestCaseForLogin#logout</h3><table class="result"></table><p class="totop"><a href="#summary">back to summary</a></p><h3 id="m16">testCase.TestCaseForLogin#validLogin</h3><table class="result"></table><p class="totop"><a href="#summary">back to summary</a></p><h3 id="m17">testCase.TestCaseForLogin#verifyInvalidID</h3><table class="result"></table><p class="totop"><a href="#summary">back to summary</a></p><h3 id="m18">testCase.TestCaseForLogin#verifyInvalidIDBlank</h3><table class="result"></table><p class="totop"><a href="#summary">back to summary</a></p><h3 id="m19">testCase.TestCaseForLogin#verifyInvalidPassword</h3><table class="result"></table><p class="totop"><a href="#summary">back to summary</a></p><h3 id="m20">testCase.TestCaseForLogin#verifyRemebarMeCheckBox</h3><table class="result"></table><p class="totop"><a href="#summary">back to summary</a></p><h3 id="m21">testCase.TestCaseForLogin#verifyTitle</h3><table class="result"></table><p class="totop"><a href="#summary">back to summary</a></p><h2>Test2</h2><h3 id="m22">testCase.TestCaseForCreateNonIndiviualProviderAc#blankSubmit</h3><table class="result"><tr><th>Exception</th></tr><tr><td><div class="stacktrace">org.openqa.selenium.NoSuchElementException: Unable to find element with xpath == .//*[@id=&apos;topButtonRow&apos;]/input[1] (WARNING: The server did not provide any stacktrace information)
Command duration or timeout: 30.24 seconds
For documentation on this error, please visit: http://seleniumhq.org/exceptions/no_such_element.html
Build info: version: &apos;2.48.2&apos;, revision: &apos;41bccdd&apos;, time: &apos;2015-10-09 19:55:52&apos;
System info: host: &apos;01250LT2368&apos;, ip: &apos;10.8.44.138&apos;, os.name: &apos;Windows 7&apos;, os.arch: &apos;x86&apos;, os.version: &apos;6.1&apos;, java.version: &apos;1.8.0_60&apos;
Driver info: org.openqa.selenium.ie.InternetExplorerDriver
Capabilities [{browserAttachTimeout=0, enablePersistentHover=true, ie.forceCreateProcessApi=false, pageLoadStrategy=normal, ie.usePerProcessProxy=false, ignoreZoomSetting=false, handlesAlerts=true, version=11, platform=WINDOWS, nativeEvents=true, ie.ensureCleanSession=false, elementScrollBehavior=0, ie.browserCommandLineSwitches=, requireWindowFocus=false, browserName=internet explorer, initialBrowserUrl=http://localhost:17130/, takesScreenshot=true, javascriptEnabled=true, ignoreProtectedModeSettings=true, enableElementCacheCleanup=true, cssSelectorsEnabled=true, unexpectedAlertBehaviour=dismiss}]
Session ID: fefca2af-ef2a-489d-8701-0560d7b39084
*** Element info: {Using=xpath, value=.//*[@id=&apos;topButtonRow&apos;]/input[1]}
	at org.openqa.selenium.remote.ErrorHandler.createThrowable(ErrorHandler.java:206)
	at org.openqa.selenium.remote.ErrorHandler.throwIfResponseFailed(ErrorHandler.java:158)
	at org.openqa.selenium.remote.RemoteWebDriver.execute(RemoteWebDriver.java:647)
	at org.openqa.selenium.remote.RemoteWebDriver.findElement(RemoteWebDriver.java:353)
	at org.openqa.selenium.remote.RemoteWebDriver.findElementByXPath(RemoteWebDriver.java:490)
	at org.openqa.selenium.By$ByXPath.findElement(By.java:361)
	at org.openqa.selenium.remote.RemoteWebDriver.findElement(RemoteWebDriver.java:345)
	at pageObject.CreateNonIndividualProvider.clickSaveButton(CreateNonIndividualProvider.java:75)
	at testCase.TestCaseForCreateNonIndiviualProviderAc.blankSubmit(TestCaseForCreateNonIndiviualProviderAc.java:34)
... Removed 28 stack frames</div></td></tr></table><p class="totop"><a href="#summary">back to summary</a></p><h3 id="m23">testCase.TestCaseForCreateNonIndiviualProviderAc#validLoginForNewAcCreate</h3><table class="result"><tr><th>Exception</th></tr><tr><td><div class="stacktrace">org.openqa.selenium.InvalidSelectorException: The xpath expression &apos;.//*[@id=&apos;Account_Tab&apos;]/a&apos; cannot be evaluated or does notresult in a WebElement (WARNING: The server did not provide any stacktrace information)
Command duration or timeout: 2.38 seconds
For documentation on this error, please visit: http://seleniumhq.org/exceptions/invalid_selector_exception.html
Build info: version: &apos;2.48.2&apos;, revision: &apos;41bccdd&apos;, time: &apos;2015-10-09 19:55:52&apos;
System info: host: &apos;01250LT2368&apos;, ip: &apos;10.8.44.138&apos;, os.name: &apos;Windows 7&apos;, os.arch: &apos;x86&apos;, os.version: &apos;6.1&apos;, java.version: &apos;1.8.0_60&apos;
Driver info: org.openqa.selenium.ie.InternetExplorerDriver
Capabilities [{browserAttachTimeout=0, enablePersistentHover=true, ie.forceCreateProcessApi=false, pageLoadStrategy=normal, ie.usePerProcessProxy=false, ignoreZoomSetting=false, handlesAlerts=true, version=11, platform=WINDOWS, nativeEvents=true, ie.ensureCleanSession=false, elementScrollBehavior=0, ie.browserCommandLineSwitches=, requireWindowFocus=false, browserName=internet explorer, initialBrowserUrl=http://localhost:17130/, takesScreenshot=true, javascriptEnabled=true, ignoreProtectedModeSettings=true, enableElementCacheCleanup=true, cssSelectorsEnabled=true, unexpectedAlertBehaviour=dismiss}]
Session ID: fefca2af-ef2a-489d-8701-0560d7b39084
*** Element info: {Using=xpath, value=.//*[@id=&apos;Account_Tab&apos;]/a}
	at org.openqa.selenium.remote.ErrorHandler.createThrowable(ErrorHandler.java:206)
	at org.openqa.selenium.remote.ErrorHandler.throwIfResponseFailed(ErrorHandler.java:158)
	at org.openqa.selenium.remote.RemoteWebDriver.execute(RemoteWebDriver.java:647)
	at org.openqa.selenium.remote.RemoteWebDriver.findElement(RemoteWebDriver.java:353)
	at org.openqa.selenium.remote.RemoteWebDriver.findElementByXPath(RemoteWebDriver.java:490)
	at org.openqa.selenium.By$ByXPath.findElement(By.java:361)
	at org.openqa.selenium.remote.RemoteWebDriver.findElement(RemoteWebDriver.java:345)
	at pageObject.NavigateToOtherPage.navigateToAccountCreatePage(NavigateToOtherPage.java:35)
	at testCase.TestCaseForCreateNonIndiviualProviderAc.validLoginForNewAcCreate(TestCaseForCreateNonIndiviualProviderAc.java:20)
... Removed 28 stack frames</div></td></tr></table><p class="totop"><a href="#summary">back to summary</a></p><h3 id="m24">testCase.TestCaseForCreateIndiviualProviderAc#EmailVerify</h3><table class="result"></table><p class="totop"><a href="#summary">back to summary</a></p><h3 id="m25">testCase.TestCaseForCreateIndiviualProviderAc#blankSubmit</h3><table class="result"></table><p class="totop"><a href="#summary">back to summary</a></p><h3 id="m26">testCase.TestCaseForCreateIndiviualProviderAc#createANewAcc</h3><table class="result"></table><p class="totop"><a href="#summary">back to summary</a></p><h3 id="m27">testCase.TestCaseForCreateIndiviualProviderAc#lastNameVerify</h3><table class="result"></table><p class="totop"><a href="#summary">back to summary</a></p><h3 id="m28">testCase.TestCaseForCreateIndiviualProviderAc#validLoginForNewAcCreate</h3><table class="result"></table><p class="totop"><a href="#summary">back to summary</a></p><h3 id="m29">testCase.TestCaseForCreateMemberAcWithLogin#createAMemberAcWithValidData</h3><table class="result"></table><p class="totop"><a href="#summary">back to summary</a></p><h3 id="m30">testCase.TestCaseForCreateMemberAcWithLogin#enterBlankDataIntoMemberAc</h3><table class="result"></table><p class="totop"><a href="#summary">back to summary</a></p><h3 id="m31">testCase.TestCaseForCreateMemberAcWithLogin#enterInvalidDate</h3><table class="result"></table><p class="totop"><a href="#summary">back to summary</a></p><h3 id="m32">testCase.TestCaseForCreateMemberAcWithLogin#enterInvalidEmail</h3><table class="result"></table><p class="totop"><a href="#summary">back to summary</a></p><h3 id="m33">testCase.TestCaseForCreateMemberAcWithLogin#enterInvalidSsn</h3><table class="result"></table><p class="totop"><a href="#summary">back to summary</a></p><h3 id="m34">testCase.TestCaseForCreateMemberAcWithLogin#loginIntoApplication</h3><table class="result"></table><p class="totop"><a href="#summary">back to summary</a></p><h3 id="m35">testCase.TestCaseForCreateMemberAcWithLogin#navigateToAccountPage</h3><table class="result"></table><p class="totop"><a href="#summary">back to summary</a></p><h3 id="m36">testCase.TestCaseForLogin#logIn</h3><table class="result"></table><p class="totop"><a href="#summary">back to summary</a></p><h3 id="m37">testCase.TestCaseForLogin#logout</h3><table class="result"></table><p class="totop"><a href="#summary">back to summary</a></p><h3 id="m38">testCase.TestCaseForLogin#validLogin</h3><table class="result"></table><p class="totop"><a href="#summary">back to summary</a></p><h3 id="m39">testCase.TestCaseForLogin#verifyInvalidID</h3><table class="result"></table><p class="totop"><a href="#summary">back to summary</a></p><h3 id="m40">testCase.TestCaseForLogin#verifyInvalidIDBlank</h3><table class="result"></table><p class="totop"><a href="#summary">back to summary</a></p><h3 id="m41">testCase.TestCaseForLogin#verifyInvalidPassword</h3><table class="result"></table><p class="totop"><a href="#summary">back to summary</a></p><h3 id="m42">testCase.TestCaseForLogin#verifyRemebarMeCheckBox</h3><table class="result"></table><p class="totop"><a href="#summary">back to summary</a></p><h3 id="m43">testCase.TestCaseForLogin#verifyTitle</h3><table class="result"></table><p class="totop"><a href="#summary">back to summary</a></p><h2>Test3</h2><h3 id="m44">testCase.TestCaseForCreateIndiviualProviderAc#EmailVerify</h3><table class="result"></table><p class="totop"><a href="#summary">back to summary</a></p><h3 id="m45">testCase.TestCaseForCreateIndiviualProviderAc#blankSubmit</h3><table class="result"></table><p class="totop"><a href="#summary">back to summary</a></p><h3 id="m46">testCase.TestCaseForCreateIndiviualProviderAc#createANewAcc</h3><table class="result"></table><p class="totop"><a href="#summary">back to summary</a></p><h3 id="m47">testCase.TestCaseForCreateIndiviualProviderAc#lastNameVerify</h3><table class="result"></table><p class="totop"><a href="#summary">back to summary</a></p><h3 id="m48">testCase.TestCaseForCreateIndiviualProviderAc#validLoginForNewAcCreate</h3><table class="result"></table><p class="totop"><a href="#summary">back to summary</a></p><h3 id="m49">testCase.TestCaseForCreateMemberAcWithLogin#createAMemberAcWithValidData</h3><table class="result"></table><p class="totop"><a href="#summary">back to summary</a></p><h3 id="m50">testCase.TestCaseForCreateMemberAcWithLogin#enterBlankDataIntoMemberAc</h3><table class="result"></table><p class="totop"><a href="#summary">back to summary</a></p><h3 id="m51">testCase.TestCaseForCreateMemberAcWithLogin#enterInvalidDate</h3><table class="result"></table><p class="totop"><a href="#summary">back to summary</a></p><h3 id="m52">testCase.TestCaseForCreateMemberAcWithLogin#enterInvalidEmail</h3><table class="result"></table><p class="totop"><a href="#summary">back to summary</a></p><h3 id="m53">testCase.TestCaseForCreateMemberAcWithLogin#enterInvalidSsn</h3><table class="result"></table><p class="totop"><a href="#summary">back to summary</a></p><h3 id="m54">testCase.TestCaseForCreateMemberAcWithLogin#loginIntoApplication</h3><table class="result"></table><p class="totop"><a href="#summary">back to summary</a></p><h3 id="m55">testCase.TestCaseForCreateMemberAcWithLogin#navigateToAccountPage</h3><table class="result"></table><p class="totop"><a href="#summary">back to summary</a></p><h3 id="m56">testCase.TestCaseForCreateNonIndiviualProviderAc#blankSubmit</h3><table class="result"></table><p class="totop"><a href="#summary">back to summary</a></p><h3 id="m57">testCase.TestCaseForCreateNonIndiviualProviderAc#validLoginForNewAcCreate</h3><table class="result"></table><p class="totop"><a href="#summary">back to summary</a></p><h3 id="m58">testCase.TestCaseForLogin#logIn</h3><table class="result"></table><p class="totop"><a href="#summary">back to summary</a></p><h3 id="m59">testCase.TestCaseForLogin#logout</h3><table class="result"></table><p class="totop"><a href="#summary">back to summary</a></p><h3 id="m60">testCase.TestCaseForLogin#validLogin</h3><table class="result"></table><p class="totop"><a href="#summary">back to summary</a></p><h3 id="m61">testCase.TestCaseForLogin#verifyInvalidID</h3><table class="result"></table><p class="totop"><a href="#summary">back to summary</a></p><h3 id="m62">testCase.TestCaseForLogin#verifyInvalidIDBlank</h3><table class="result"></table><p class="totop"><a href="#summary">back to summary</a></p><h3 id="m63">testCase.TestCaseForLogin#verifyInvalidPassword</h3><table class="result"></table><p class="totop"><a href="#summary">back to summary</a></p><h3 id="m64">testCase.TestCaseForLogin#verifyRemebarMeCheckBox</h3><table class="result"></table><p class="totop"><a href="#summary">back to summary</a></p><h3 id="m65">testCase.TestCaseForLogin#verifyTitle</h3><table class="result"></table><p class="totop"><a href="#summary">back to summary</a></p></body></html>